<?xml version="1.0" encoding="UTF-8"?>
<!-- Generated by org.testng.reporters.JUnitReportReporter -->
<testsuite hostname="DESKTOP-978OTPB" failures="0" tests="1" name="Prac.program" time="0.023" errors="0" timestamp="2022-03-30T09:34:43 IST" skipped="0">
  <testcase classname="Prac.program" name="array" time="0.023"/>
  <system-out/>
</testsuite> <!-- Prac.program -->
